<?xml version="1.0" encoding="UTF-8"?>
<testsuite xmlns:xsi="http://www.w3.org/2001/XMLSchema-instance" xsi:noNamespaceSchemaLocation="https://maven.apache.org/surefire/maven-surefire-plugin/xsd/surefire-test-report.xsd" name="runner.TestRunner" time="97.067" tests="18" errors="0" skipped="0" failures="0">
  <properties>
[...]
</properties>
  <testcase name="Given I am on Hotel Booking Form" classname="| Anusha | Boppudi | 500 | 0 | 2018-06-03 | 2018-06-05 |" time="0.002"/>
  <testcase name="When I enter &quot;Anusha&quot;, &quot;Boppudi&quot;, &quot;500&quot;, &quot;0&quot;, &quot;2018-06-03&quot;, &quot;2018-06-05&quot;" classname="| Anusha | Boppudi | 500 | 0 | 2018-06-03 | 2018-06-05 |" time="0"/>
  <testcase name="And click on save button" classname="| Anusha | Boppudi | 500 | 0 | 2018-06-03 | 2018-06-05 |" time="0"/>
  <testcase name="Then save deatils with delete button" classname="| Anusha | Boppudi | 500 | 0 | 2018-06-03 | 2018-06-05 |" time="0"/>
  <testcase name="| Anusha | Boppudi | 500 | 0 | 2018-06-03 | 2018-06-05 |" classname="| Anusha | Boppudi | 500 | 0 | 2018-06-03 | 2018-06-05 |" time="0"/>
  <testcase name="Given I am on Hotel Booking Form" classname="| Anu | B | 120 | 1 | 2018-06-05 | 2018-06-07 |" time="0"/>
  <testcase name="When I enter &quot;Anu&quot;, &quot;B&quot;, &quot;120&quot;, &quot;1&quot;, &quot;2018-06-05&quot;, &quot;2018-06-07&quot;" classname="| Anu | B | 120 | 1 | 2018-06-05 | 2018-06-07 |" time="0"/>
  <testcase name="And click on save button" classname="| Anu | B | 120 | 1 | 2018-06-05 | 2018-06-07 |" time="0"/>
  <testcase name="Then save deatils with delete button" classname="| Anu | B | 120 | 1 | 2018-06-05 | 2018-06-07 |" time="0"/>
  <testcase name="| Anu | B | 120 | 1 | 2018-06-05 | 2018-06-07 |" classname="| Anu | B | 120 | 1 | 2018-06-05 | 2018-06-07 |" time="0"/>
  <testcase name="Given I launched URL on browser" classname="Scenario: Launch Hotel Booking Form" time="0"/>
  <testcase name="When I check header of the page" classname="Scenario: Launch Hotel Booking Form" time="0"/>
  <testcase name="Then I see header name as Hotel booking form" classname="Scenario: Launch Hotel Booking Form" time="0"/>
  <testcase name="Scenario: Launch Hotel Booking Form" classname="Scenario: Launch Hotel Booking Form" time="0.001"/>
  <testcase name="Given I am on hotel booking form page" classname="Scenario: Delete Hotel Booking record" time="0"/>
  <testcase name="When I click on delete button of existing record" classname="Scenario: Delete Hotel Booking record" time="0"/>
  <testcase name="Then I see record has deleted" classname="Scenario: Delete Hotel Booking record" time="0"/>
  <testcase name="Scenario: Delete Hotel Booking record" classname="Scenario: Delete Hotel Booking record" time="0.001"/>
</testsuite>